{
  "RSpec": {
    "coverage": {
      "/home/avid-chain-1344/tic-tac-toe-rb-online-web-sp-000/lib/tic_tac_toe.rb": [
        null,
        1,
        null,
        null,
        null,
        null,
        null,
        null,
        null,
        null,
        null,
        null,
        1,
        25,
        25,
        25,
        25,
        25,
        null,
        null,
        null,
        1,
        24,
        null,
        null,
        1,
        23,
        null,
        null,
        1,
        511,
        null,
        null,
        null,
        1,
        24,
        21,
        null,
        null,
        null,
        null,
        1,
        21,
        21,
        21,
        21,
        20,
        20,
        1,
        null,
        null,
        null,
        null,
        1,
        34,
        34,
        306,
        77,
        null,
        null,
        34,
        null,
        null,
        null,
        1,
        33,
        17,
        null,
        16,
        null,
        null,
        null,
        1,
        31,
        1019,
        11,
        null,
        null,
        null,
        null,
        1,
        31,
        31,
        279,
        150,
        null,
        null,
        31,
        null,
        null,
        1,
        18,
        5,
        null,
        null,
        null,
        1,
        22,
        10,
        null,
        null,
        null,
        1,
        3,
        2,
        null,
        null,
        null,
        1,
        12,
        18,
        null,
        12,
        null
      ]
    },
    "timestamp": 1586225542
  }
}
